This file contains any messages produced by compilers while
running configure, to aid debugging if configure makes a mistake.

It was created by gm_oosocks_i486 configure 0.1, which was
generated by GNU Autoconf 2.65.  Invocation command line was

  $ /home/harry/Desktop/gm_oosocks_i486/configure --enable-maintainer-mode --enable-maintainer-mode

## --------- ##
## Platform. ##
## --------- ##

hostname = harry-desktop
uname -m = i686
uname -r = 2.6.32-21-generic
uname -s = Linux
uname -v = #32-Ubuntu SMP Fri Apr 16 08:10:02 UTC 2010

/usr/bin/uname -p = unknown
/bin/uname -X     = unknown

/bin/arch              = unknown
/usr/bin/arch -k       = unknown
/usr/convex/getsysinfo = unknown
/usr/bin/hostinfo      = unknown
/bin/machine           = unknown
/usr/bin/oslevel       = unknown
/bin/universe          = unknown

PATH: /usr/local/sbin
PATH: /usr/local/bin
PATH: /usr/sbin
PATH: /usr/bin
PATH: /sbin
PATH: /bin
PATH: /usr/games


## ----------- ##
## Core tests. ##
## ----------- ##

configure:2535: checking for a BSD-compatible install
configure:2603: result: /usr/bin/install -c
configure:2614: checking whether build environment is sane
configure:2664: result: yes
configure:2805: checking for a thread-safe mkdir -p
configure:2844: result: /bin/mkdir -p
configure:2857: checking for gawk
configure:2873: found /usr/bin/gawk
configure:2884: result: gawk
configure:2895: checking whether make sets $(MAKE)
configure:2917: result: yes
configure:3000: checking whether to enable maintainer-specific portions of Makefiles
configure:3009: result: yes
configure:3035: checking for style of include used by make
configure:3063: result: GNU
configure:3133: checking for gcc
configure:3149: found /usr/bin/gcc
configure:3160: result: gcc
configure:3389: checking for C compiler version
configure:3398: gcc --version >&5
gcc (Ubuntu 4.4.3-4ubuntu5) 4.4.3
Copyright (C) 2009 Free Software Foundation, Inc.
This is free software; see the source for copying conditions.  There is NO
warranty; not even for MERCHANTABILITY or FITNESS FOR A PARTICULAR PURPOSE.

configure:3409: $? = 0
configure:3398: gcc -v >&5
Using built-in specs.
Target: i486-linux-gnu
Configured with: ../src/configure -v --with-pkgversion='Ubuntu 4.4.3-4ubuntu5' --with-bugurl=file:///usr/share/doc/gcc-4.4/README.Bugs --enable-languages=c,c++,fortran,objc,obj-c++ --prefix=/usr --enable-shared --enable-multiarch --enable-linker-build-id --with-system-zlib --libexecdir=/usr/lib --without-included-gettext --enable-threads=posix --with-gxx-include-dir=/usr/include/c++/4.4 --program-suffix=-4.4 --enable-nls --enable-clocale=gnu --enable-libstdcxx-debug --enable-plugin --enable-objc-gc --enable-targets=all --disable-werror --with-arch-32=i486 --with-tune=generic --enable-checking=release --build=i486-linux-gnu --host=i486-linux-gnu --target=i486-linux-gnu
Thread model: posix
gcc version 4.4.3 (Ubuntu 4.4.3-4ubuntu5) 
configure:3409: $? = 0
configure:3398: gcc -V >&5
gcc: '-V' option must have argument
configure:3409: $? = 1
configure:3398: gcc -qversion >&5
gcc: unrecognized option '-qversion'
gcc: no input files
configure:3409: $? = 1
configure:3429: checking whether the C compiler works
configure:3451: gcc    conftest.c  >&5
configure:3455: $? = 0
configure:3504: result: yes
configure:3507: checking for C compiler default output file name
configure:3509: result: a.out
configure:3515: checking for suffix of executables
configure:3522: gcc -o conftest    conftest.c  >&5
configure:3526: $? = 0
configure:3548: result: 
configure:3570: checking whether we are cross compiling
configure:3578: gcc -o conftest    conftest.c  >&5
configure:3582: $? = 0
configure:3589: ./conftest
configure:3593: $? = 0
configure:3608: result: no
configure:3613: checking for suffix of object files
configure:3635: gcc -c   conftest.c >&5
configure:3639: $? = 0
configure:3660: result: o
configure:3664: checking whether we are using the GNU C compiler
configure:3683: gcc -c   conftest.c >&5
configure:3683: $? = 0
configure:3692: result: yes
configure:3701: checking whether gcc accepts -g
configure:3721: gcc -c -g  conftest.c >&5
configure:3721: $? = 0
configure:3762: result: yes
configure:3779: checking for gcc option to accept ISO C89
configure:3843: gcc  -c -g -O2  conftest.c >&5
configure:3843: $? = 0
configure:3856: result: none needed
configure:3878: checking dependency style of gcc
configure:3988: result: gcc3
configure:4004: checking for library containing strerror
configure:4035: gcc -o conftest -g -O2   conftest.c  >&5
configure:4035: $? = 0
configure:4052: result: none required
configure:4108: checking for gcc
configure:4135: result: gcc
configure:4364: checking for C compiler version
configure:4373: gcc --version >&5
gcc (Ubuntu 4.4.3-4ubuntu5) 4.4.3
Copyright (C) 2009 Free Software Foundation, Inc.
This is free software; see the source for copying conditions.  There is NO
warranty; not even for MERCHANTABILITY or FITNESS FOR A PARTICULAR PURPOSE.

configure:4384: $? = 0
configure:4373: gcc -v >&5
Using built-in specs.
Target: i486-linux-gnu
Configured with: ../src/configure -v --with-pkgversion='Ubuntu 4.4.3-4ubuntu5' --with-bugurl=file:///usr/share/doc/gcc-4.4/README.Bugs --enable-languages=c,c++,fortran,objc,obj-c++ --prefix=/usr --enable-shared --enable-multiarch --enable-linker-build-id --with-system-zlib --libexecdir=/usr/lib --without-included-gettext --enable-threads=posix --with-gxx-include-dir=/usr/include/c++/4.4 --program-suffix=-4.4 --enable-nls --enable-clocale=gnu --enable-libstdcxx-debug --enable-plugin --enable-objc-gc --enable-targets=all --disable-werror --with-arch-32=i486 --with-tune=generic --enable-checking=release --build=i486-linux-gnu --host=i486-linux-gnu --target=i486-linux-gnu
Thread model: posix
gcc version 4.4.3 (Ubuntu 4.4.3-4ubuntu5) 
configure:4384: $? = 0
configure:4373: gcc -V >&5
gcc: '-V' option must have argument
configure:4384: $? = 1
configure:4373: gcc -qversion >&5
gcc: unrecognized option '-qversion'
gcc: no input files
configure:4384: $? = 1
configure:4388: checking whether we are using the GNU C compiler
configure:4416: result: yes
configure:4425: checking whether gcc accepts -g
configure:4486: result: yes
configure:4503: checking for gcc option to accept ISO C89
configure:4580: result: none needed
configure:4602: checking dependency style of gcc
configure:4712: result: gcc3
configure:4775: checking for gcc
configure:4802: result: gcc
configure:5031: checking for C compiler version
configure:5040: gcc --version >&5
gcc (Ubuntu 4.4.3-4ubuntu5) 4.4.3
Copyright (C) 2009 Free Software Foundation, Inc.
This is free software; see the source for copying conditions.  There is NO
warranty; not even for MERCHANTABILITY or FITNESS FOR A PARTICULAR PURPOSE.

configure:5051: $? = 0
configure:5040: gcc -v >&5
Using built-in specs.
Target: i486-linux-gnu
Configured with: ../src/configure -v --with-pkgversion='Ubuntu 4.4.3-4ubuntu5' --with-bugurl=file:///usr/share/doc/gcc-4.4/README.Bugs --enable-languages=c,c++,fortran,objc,obj-c++ --prefix=/usr --enable-shared --enable-multiarch --enable-linker-build-id --with-system-zlib --libexecdir=/usr/lib --without-included-gettext --enable-threads=posix --with-gxx-include-dir=/usr/include/c++/4.4 --program-suffix=-4.4 --enable-nls --enable-clocale=gnu --enable-libstdcxx-debug --enable-plugin --enable-objc-gc --enable-targets=all --disable-werror --with-arch-32=i486 --with-tune=generic --enable-checking=release --build=i486-linux-gnu --host=i486-linux-gnu --target=i486-linux-gnu
Thread model: posix
gcc version 4.4.3 (Ubuntu 4.4.3-4ubuntu5) 
configure:5051: $? = 0
configure:5040: gcc -V >&5
gcc: '-V' option must have argument
configure:5051: $? = 1
configure:5040: gcc -qversion >&5
gcc: unrecognized option '-qversion'
gcc: no input files
configure:5051: $? = 1
configure:5055: checking whether we are using the GNU C compiler
configure:5083: result: yes
configure:5092: checking whether gcc accepts -g
configure:5153: result: yes
configure:5170: checking for gcc option to accept ISO C89
configure:5247: result: none needed
configure:5269: checking dependency style of gcc
configure:5379: result: gcc3
configure:5402: checking how to run the C preprocessor
configure:5433: gcc -E  conftest.c
configure:5433: $? = 0
configure:5447: gcc -E  conftest.c
conftest.c:11:28: error: ac_nonexistent.h: No such file or directory
configure:5447: $? = 1
configure: failed program was:
| /* confdefs.h */
| #define PACKAGE_NAME "gm_oosocks_i486"
| #define PACKAGE_TARNAME "gm_oosocks_i486"
| #define PACKAGE_VERSION "0.1"
| #define PACKAGE_STRING "gm_oosocks_i486 0.1"
| #define PACKAGE_BUGREPORT ""
| #define PACKAGE_URL ""
| #define PACKAGE "gm_oosocks_i486"
| #define VERSION "0.1"
| /* end confdefs.h.  */
| #include <ac_nonexistent.h>
configure:5472: result: gcc -E
configure:5492: gcc -E  conftest.c
configure:5492: $? = 0
configure:5506: gcc -E  conftest.c
conftest.c:11:28: error: ac_nonexistent.h: No such file or directory
configure:5506: $? = 1
configure: failed program was:
| /* confdefs.h */
| #define PACKAGE_NAME "gm_oosocks_i486"
| #define PACKAGE_TARNAME "gm_oosocks_i486"
| #define PACKAGE_VERSION "0.1"
| #define PACKAGE_STRING "gm_oosocks_i486 0.1"
| #define PACKAGE_BUGREPORT ""
| #define PACKAGE_URL ""
| #define PACKAGE "gm_oosocks_i486"
| #define VERSION "0.1"
| /* end confdefs.h.  */
| #include <ac_nonexistent.h>
configure:5535: checking for grep that handles long lines and -e
configure:5593: result: /bin/grep
configure:5598: checking for egrep
configure:5660: result: /bin/grep -E
configure:5665: checking for ANSI C header files
configure:5685: gcc -c -g -O2  conftest.c >&5
configure:5685: $? = 0
configure:5758: gcc -o conftest -g -O2   conftest.c  >&5
configure:5758: $? = 0
configure:5758: ./conftest
configure:5758: $? = 0
configure:5769: result: yes
configure:5784: checking how to run the C preprocessor
configure:5854: result: gcc -E
configure:5874: gcc -E  conftest.c
configure:5874: $? = 0
configure:5888: gcc -E  conftest.c
conftest.c:12:28: error: ac_nonexistent.h: No such file or directory
configure:5888: $? = 1
configure: failed program was:
| /* confdefs.h */
| #define PACKAGE_NAME "gm_oosocks_i486"
| #define PACKAGE_TARNAME "gm_oosocks_i486"
| #define PACKAGE_VERSION "0.1"
| #define PACKAGE_STRING "gm_oosocks_i486 0.1"
| #define PACKAGE_BUGREPORT ""
| #define PACKAGE_URL ""
| #define PACKAGE "gm_oosocks_i486"
| #define VERSION "0.1"
| #define STDC_HEADERS 1
| /* end confdefs.h.  */
| #include <ac_nonexistent.h>
configure:5974: checking for g++
configure:5990: found /usr/bin/g++
configure:6001: result: g++
configure:6028: checking for C++ compiler version
configure:6037: g++ --version >&5
g++ (Ubuntu 4.4.3-4ubuntu5) 4.4.3
Copyright (C) 2009 Free Software Foundation, Inc.
This is free software; see the source for copying conditions.  There is NO
warranty; not even for MERCHANTABILITY or FITNESS FOR A PARTICULAR PURPOSE.

configure:6048: $? = 0
configure:6037: g++ -v >&5
Using built-in specs.
Target: i486-linux-gnu
Configured with: ../src/configure -v --with-pkgversion='Ubuntu 4.4.3-4ubuntu5' --with-bugurl=file:///usr/share/doc/gcc-4.4/README.Bugs --enable-languages=c,c++,fortran,objc,obj-c++ --prefix=/usr --enable-shared --enable-multiarch --enable-linker-build-id --with-system-zlib --libexecdir=/usr/lib --without-included-gettext --enable-threads=posix --with-gxx-include-dir=/usr/include/c++/4.4 --program-suffix=-4.4 --enable-nls --enable-clocale=gnu --enable-libstdcxx-debug --enable-plugin --enable-objc-gc --enable-targets=all --disable-werror --with-arch-32=i486 --with-tune=generic --enable-checking=release --build=i486-linux-gnu --host=i486-linux-gnu --target=i486-linux-gnu
Thread model: posix
gcc version 4.4.3 (Ubuntu 4.4.3-4ubuntu5) 
configure:6048: $? = 0
configure:6037: g++ -V >&5
g++: '-V' option must have argument
configure:6048: $? = 1
configure:6037: g++ -qversion >&5
g++: unrecognized option '-qversion'
g++: no input files
configure:6048: $? = 1
configure:6052: checking whether we are using the GNU C++ compiler
configure:6071: g++ -c   conftest.cpp >&5
configure:6071: $? = 0
configure:6080: result: yes
configure:6089: checking whether g++ accepts -g
configure:6109: g++ -c -g  conftest.cpp >&5
configure:6109: $? = 0
configure:6150: result: yes
configure:6175: checking dependency style of g++
configure:6285: result: gcc3
configure:6315: checking for sys/types.h
configure:6315: gcc -c -g -O2  conftest.c >&5
configure:6315: $? = 0
configure:6315: result: yes
configure:6315: checking for sys/stat.h
configure:6315: gcc -c -g -O2  conftest.c >&5
configure:6315: $? = 0
configure:6315: result: yes
configure:6315: checking for stdlib.h
configure:6315: gcc -c -g -O2  conftest.c >&5
configure:6315: $? = 0
configure:6315: result: yes
configure:6315: checking for string.h
configure:6315: gcc -c -g -O2  conftest.c >&5
configure:6315: $? = 0
configure:6315: result: yes
configure:6315: checking for memory.h
configure:6315: gcc -c -g -O2  conftest.c >&5
configure:6315: $? = 0
configure:6315: result: yes
configure:6315: checking for strings.h
configure:6315: gcc -c -g -O2  conftest.c >&5
configure:6315: $? = 0
configure:6315: result: yes
configure:6315: checking for inttypes.h
configure:6315: gcc -c -g -O2  conftest.c >&5
configure:6315: $? = 0
configure:6315: result: yes
configure:6315: checking for stdint.h
configure:6315: gcc -c -g -O2  conftest.c >&5
configure:6315: $? = 0
configure:6315: result: yes
configure:6315: checking for unistd.h
configure:6315: gcc -c -g -O2  conftest.c >&5
configure:6315: $? = 0
configure:6315: result: yes
configure:6331: checking locale.h usability
configure:6331: gcc -c -g -O2  conftest.c >&5
configure:6331: $? = 0
configure:6331: result: yes
configure:6331: checking locale.h presence
configure:6331: gcc -E  conftest.c
configure:6331: $? = 0
configure:6331: result: yes
configure:6331: checking for locale.h
configure:6331: result: yes
configure:6342: checking for LC_MESSAGES
configure:6358: gcc -o conftest -g -O2   conftest.c  >&5
configure:6358: $? = 0
configure:6366: result: yes
configure:6383: checking libintl.h usability
configure:6383: gcc -c -g -O2  conftest.c >&5
configure:6383: $? = 0
configure:6383: result: yes
configure:6383: checking libintl.h presence
configure:6383: gcc -E  conftest.c
configure:6383: $? = 0
configure:6383: result: yes
configure:6383: checking for libintl.h
configure:6383: result: yes
configure:6391: checking for ngettext in libc
configure:6409: gcc -o conftest -g -O2   conftest.c  >&5
configure:6409: $? = 0
configure:6418: result: yes
configure:6422: checking for dgettext in libc
configure:6440: gcc -o conftest -g -O2   conftest.c  >&5
configure:6440: $? = 0
configure:6449: result: yes
configure:6456: checking for bind_textdomain_codeset
configure:6456: gcc -o conftest -g -O2   conftest.c  >&5
configure:6456: $? = 0
configure:6456: result: yes
configure:6732: checking for msgfmt
configure:6759: result: /usr/bin/msgfmt
configure:6770: checking for dcgettext
configure:6770: gcc -o conftest -g -O2   conftest.c   >&5
conftest.c:49: warning: conflicting types for built-in function 'dcgettext'
configure:6770: $? = 0
configure:6770: result: yes
configure:6780: checking if msgfmt accepts -c
configure:6795: $MSGFMT -c -o /dev/null conftest.foo
configure:6798: $? = 0
configure:6800: result: yes
configure:6810: checking for gmsgfmt
configure:6841: result: /usr/bin/msgfmt
configure:6851: checking for xgettext
configure:6878: result: /usr/bin/xgettext
configure:6897: gcc -o conftest -g -O2   conftest.c   >&5
configure:6897: $? = 0
configure:7033: checking whether NLS is requested
configure:7042: result: yes
configure:7057: checking for intltool >= 0.35.0
configure:7064: result: 0.41.0 found
configure:7072: checking for intltool-update
configure:7090: found /usr/bin/intltool-update
configure:7102: result: /usr/bin/intltool-update
configure:7112: checking for intltool-merge
configure:7130: found /usr/bin/intltool-merge
configure:7142: result: /usr/bin/intltool-merge
configure:7152: checking for intltool-extract
configure:7170: found /usr/bin/intltool-extract
configure:7182: result: /usr/bin/intltool-extract
configure:7313: checking for xgettext
configure:7343: result: /usr/bin/xgettext
configure:7353: checking for msgmerge
configure:7371: found /usr/bin/msgmerge
configure:7383: result: /usr/bin/msgmerge
configure:7393: checking for msgfmt
configure:7423: result: /usr/bin/msgfmt
configure:7433: checking for gmsgfmt
configure:7464: result: /usr/bin/msgfmt
configure:7484: checking for perl
configure:7502: found /usr/bin/perl
configure:7514: result: /usr/bin/perl
configure:7525: checking for perl >= 5.8.1
configure:7532: result: 5.10.1
configure:7536: checking for XML::Parser
configure:7539: result: ok
configure:7652: checking build system type
configure:7666: result: i686-pc-linux-gnu
configure:7686: checking host system type
configure:7699: result: i686-pc-linux-gnu
configure:7719: checking for a sed that does not truncate output
configure:7783: result: /bin/sed
configure:7801: checking for fgrep
configure:7863: result: /bin/grep -F
configure:7898: checking for ld used by gcc
configure:7965: result: /usr/bin/ld
configure:7972: checking if the linker (/usr/bin/ld) is GNU ld
configure:7987: result: yes
configure:7999: checking for BSD- or MS-compatible name lister (nm)
configure:8048: result: /usr/bin/nm -B
configure:8166: checking the name lister (/usr/bin/nm -B) interface
configure:8173: gcc -c -g -O2  conftest.c >&5
configure:8176: /usr/bin/nm -B "conftest.o"
configure:8179: output
00000000 B some_variable
configure:8186: result: BSD nm
configure:8189: checking whether ln -s works
configure:8193: result: yes
configure:8201: checking the maximum length of command line arguments
configure:8321: result: 1572864
configure:8338: checking whether the shell understands some XSI constructs
configure:8348: result: yes
configure:8352: checking whether the shell understands "+="
configure:8358: result: yes
configure:8393: checking for /usr/bin/ld option to reload object files
configure:8400: result: -r
configure:8469: checking for objdump
configure:8485: found /usr/bin/objdump
configure:8496: result: objdump
configure:8528: checking how to recognize dependent libraries
configure:8724: result: pass_all
configure:8784: checking for ar
configure:8800: found /usr/bin/ar
configure:8811: result: ar
configure:8889: checking for strip
configure:8905: found /usr/bin/strip
configure:8916: result: strip
configure:8988: checking for ranlib
configure:9004: found /usr/bin/ranlib
configure:9015: result: ranlib
configure:9105: checking command to parse /usr/bin/nm -B output from gcc object
configure:9223: gcc -c -g -O2  conftest.c >&5
configure:9226: $? = 0
configure:9230: /usr/bin/nm -B conftest.o \| sed -n -e 's/^.*[	 ]\([ABCDGIRSTW][ABCDGIRSTW]*\)[	 ][	 ]*\([_A-Za-z][_A-Za-z0-9]*\)$/\1 \2 \2/p' \> conftest.nm
configure:9233: $? = 0
configure:9287: gcc -o conftest -g -O2   conftest.c conftstm.o >&5
configure:9290: $? = 0
configure:9328: result: ok
configure:10133: checking for dlfcn.h
configure:10133: gcc -c -g -O2  conftest.c >&5
configure:10133: $? = 0
configure:10133: result: yes
configure:10258: checking for C++ compiler version
configure:10267: g++ --version >&5
g++ (Ubuntu 4.4.3-4ubuntu5) 4.4.3
Copyright (C) 2009 Free Software Foundation, Inc.
This is free software; see the source for copying conditions.  There is NO
warranty; not even for MERCHANTABILITY or FITNESS FOR A PARTICULAR PURPOSE.

configure:10278: $? = 0
configure:10267: g++ -v >&5
Using built-in specs.
Target: i486-linux-gnu
Configured with: ../src/configure -v --with-pkgversion='Ubuntu 4.4.3-4ubuntu5' --with-bugurl=file:///usr/share/doc/gcc-4.4/README.Bugs --enable-languages=c,c++,fortran,objc,obj-c++ --prefix=/usr --enable-shared --enable-multiarch --enable-linker-build-id --with-system-zlib --libexecdir=/usr/lib --without-included-gettext --enable-threads=posix --with-gxx-include-dir=/usr/include/c++/4.4 --program-suffix=-4.4 --enable-nls --enable-clocale=gnu --enable-libstdcxx-debug --enable-plugin --enable-objc-gc --enable-targets=all --disable-werror --with-arch-32=i486 --with-tune=generic --enable-checking=release --build=i486-linux-gnu --host=i486-linux-gnu --target=i486-linux-gnu
Thread model: posix
gcc version 4.4.3 (Ubuntu 4.4.3-4ubuntu5) 
configure:10278: $? = 0
configure:10267: g++ -V >&5
g++: '-V' option must have argument
configure:10278: $? = 1
configure:10267: g++ -qversion >&5
g++: unrecognized option '-qversion'
g++: no input files
configure:10278: $? = 1
configure:10282: checking whether we are using the GNU C++ compiler
configure:10310: result: yes
configure:10319: checking whether g++ accepts -g
configure:10380: result: yes
configure:10405: checking dependency style of g++
configure:10515: result: gcc3
configure:10538: checking how to run the C++ preprocessor
configure:10565: g++ -E  conftest.cpp
configure:10565: $? = 0
configure:10579: g++ -E  conftest.cpp
conftest.cpp:29:28: error: ac_nonexistent.h: No such file or directory
configure:10579: $? = 1
configure: failed program was:
| /* confdefs.h */
| #define PACKAGE_NAME "gm_oosocks_i486"
| #define PACKAGE_TARNAME "gm_oosocks_i486"
| #define PACKAGE_VERSION "0.1"
| #define PACKAGE_STRING "gm_oosocks_i486 0.1"
| #define PACKAGE_BUGREPORT ""
| #define PACKAGE_URL ""
| #define PACKAGE "gm_oosocks_i486"
| #define VERSION "0.1"
| #define STDC_HEADERS 1
| #define GETTEXT_PACKAGE "gm_oosocks_i486"
| #define HAVE_SYS_TYPES_H 1
| #define HAVE_SYS_STAT_H 1
| #define HAVE_STDLIB_H 1
| #define HAVE_STRING_H 1
| #define HAVE_MEMORY_H 1
| #define HAVE_STRINGS_H 1
| #define HAVE_INTTYPES_H 1
| #define HAVE_STDINT_H 1
| #define HAVE_UNISTD_H 1
| #define HAVE_LOCALE_H 1
| #define HAVE_LC_MESSAGES 1
| #define HAVE_BIND_TEXTDOMAIN_CODESET 1
| #define HAVE_GETTEXT 1
| #define HAVE_DCGETTEXT 1
| #define ENABLE_NLS 1
| #define HAVE_DLFCN_H 1
| /* end confdefs.h.  */
| #include <ac_nonexistent.h>
configure:10604: result: g++ -E
configure:10624: g++ -E  conftest.cpp
configure:10624: $? = 0
configure:10638: g++ -E  conftest.cpp
conftest.cpp:29:28: error: ac_nonexistent.h: No such file or directory
configure:10638: $? = 1
configure: failed program was:
| /* confdefs.h */
| #define PACKAGE_NAME "gm_oosocks_i486"
| #define PACKAGE_TARNAME "gm_oosocks_i486"
| #define PACKAGE_VERSION "0.1"
| #define PACKAGE_STRING "gm_oosocks_i486 0.1"
| #define PACKAGE_BUGREPORT ""
| #define PACKAGE_URL ""
| #define PACKAGE "gm_oosocks_i486"
| #define VERSION "0.1"
| #define STDC_HEADERS 1
| #define GETTEXT_PACKAGE "gm_oosocks_i486"
| #define HAVE_SYS_TYPES_H 1
| #define HAVE_SYS_STAT_H 1
| #define HAVE_STDLIB_H 1
| #define HAVE_STRING_H 1
| #define HAVE_MEMORY_H 1
| #define HAVE_STRINGS_H 1
| #define HAVE_INTTYPES_H 1
| #define HAVE_STDINT_H 1
| #define HAVE_UNISTD_H 1
| #define HAVE_LOCALE_H 1
| #define HAVE_LC_MESSAGES 1
| #define HAVE_BIND_TEXTDOMAIN_CODESET 1
| #define HAVE_GETTEXT 1
| #define HAVE_DCGETTEXT 1
| #define ENABLE_NLS 1
| #define HAVE_DLFCN_H 1
| /* end confdefs.h.  */
| #include <ac_nonexistent.h>
configure:10814: checking for objdir
configure:10829: result: .libs
configure:11121: checking if gcc supports -fno-rtti -fno-exceptions
configure:11139: gcc -c -g -O2  -fno-rtti -fno-exceptions conftest.c >&5
cc1: warning: command line option "-fno-rtti" is valid for C++/ObjC++ but not for C
configure:11143: $? = 0
configure:11156: result: no
configure:11176: checking for gcc option to produce PIC
configure:11448: result: -fPIC -DPIC
configure:11460: checking if gcc PIC flag -fPIC -DPIC works
configure:11478: gcc -c -g -O2  -fPIC -DPIC -DPIC conftest.c >&5
configure:11482: $? = 0
configure:11495: result: yes
configure:11519: checking if gcc static flag -static works
configure:11547: result: yes
configure:11562: checking if gcc supports -c -o file.o
configure:11583: gcc -c -g -O2  -o out/conftest2.o conftest.c >&5
configure:11587: $? = 0
configure:11609: result: yes
configure:11617: checking if gcc supports -c -o file.o
configure:11664: result: yes
configure:11697: checking whether the gcc linker (/usr/bin/ld) supports shared libraries
configure:12688: result: yes
configure:12725: checking whether -lc should be explicitly linked in
configure:12730: gcc -c -g -O2  conftest.c >&5
configure:12733: $? = 0
configure:12748: gcc -shared conftest.o  -v -Wl,-soname -Wl,conftest -o conftest 2\>\&1 \| /bin/grep  -lc  \>/dev/null 2\>\&1
configure:12751: $? = 0
configure:12763: result: no
configure:12927: checking dynamic linker characteristics
configure:13360: gcc -o conftest -g -O2   -Wl,-rpath -Wl,/foo conftest.c  >&5
configure:13360: $? = 0
configure:13590: result: GNU/Linux ld.so
configure:13692: checking how to hardcode library paths into programs
configure:13717: result: immediate
configure:14237: checking whether stripping libraries is possible
configure:14242: result: yes
configure:14277: checking if libtool supports shared libraries
configure:14279: result: yes
configure:14282: checking whether to build shared libraries
configure:14303: result: yes
configure:14306: checking whether to build static libraries
configure:14310: result: no
configure:14460: checking for ld used by g++
configure:14527: result: /usr/bin/ld
configure:14534: checking if the linker (/usr/bin/ld) is GNU ld
configure:14549: result: yes
configure:14604: checking whether the g++ linker (/usr/bin/ld) supports shared libraries
configure:15517: result: yes
configure:15545: g++ -c -g -O2  conftest.cpp >&5
configure:15548: $? = 0
configure:15730: checking for g++ option to produce PIC
configure:16047: result: -fPIC -DPIC
configure:16056: checking if g++ PIC flag -fPIC -DPIC works
configure:16074: g++ -c -g -O2  -fPIC -DPIC -DPIC conftest.cpp >&5
configure:16078: $? = 0
configure:16091: result: yes
configure:16112: checking if g++ static flag -static works
configure:16140: result: yes
configure:16152: checking if g++ supports -c -o file.o
configure:16173: g++ -c -g -O2  -o out/conftest2.o conftest.cpp >&5
configure:16177: $? = 0
configure:16199: result: yes
configure:16204: checking if g++ supports -c -o file.o
configure:16251: result: yes
configure:16281: checking whether the g++ linker (/usr/bin/ld) supports shared libraries
configure:16310: result: yes
configure:16447: checking dynamic linker characteristics
configure:16828: g++ -o conftest -g -O2   -Wl,-rpath -Wl,/foo conftest.cpp  >&5
configure:16828: $? = 0
configure:17058: result: GNU/Linux ld.so
configure:17109: checking how to hardcode library paths into programs
configure:17134: result: immediate
configure:17341: creating ./config.status

## ---------------------- ##
## Running config.status. ##
## ---------------------- ##

This file was extended by gm_oosocks_i486 config.status 0.1, which was
generated by GNU Autoconf 2.65.  Invocation command line was

  CONFIG_FILES    = 
  CONFIG_HEADERS  = 
  CONFIG_LINKS    = 
  CONFIG_COMMANDS = 
  $ ./config.status 

on harry-desktop

config.status:1201: creating Makefile
config.status:1201: creating src/libgm_oosocks_i486-0.1.pc
config.status:1201: creating src/Makefile
config.status:1201: creating po/Makefile.in
config.status:1201: creating config.h
config.status:1421: executing depfiles commands
config.status:1421: executing default-1 commands
config.status:1421: executing libtool commands
config.status:1421: executing po/stamp-it commands

## ---------------- ##
## Cache variables. ##
## ---------------- ##

ac_cv_build=i686-pc-linux-gnu
ac_cv_c_compiler_gnu=yes
ac_cv_cxx_compiler_gnu=yes
ac_cv_env_CCC_set=
ac_cv_env_CCC_value=
ac_cv_env_CC_set=
ac_cv_env_CC_value=
ac_cv_env_CFLAGS_set=
ac_cv_env_CFLAGS_value=
ac_cv_env_CPPFLAGS_set=
ac_cv_env_CPPFLAGS_value=
ac_cv_env_CPP_set=
ac_cv_env_CPP_value=
ac_cv_env_CXXCPP_set=
ac_cv_env_CXXCPP_value=
ac_cv_env_CXXFLAGS_set=
ac_cv_env_CXXFLAGS_value=
ac_cv_env_CXX_set=
ac_cv_env_CXX_value=
ac_cv_env_LDFLAGS_set=
ac_cv_env_LDFLAGS_value=
ac_cv_env_LIBS_set=
ac_cv_env_LIBS_value=
ac_cv_env_build_alias_set=
ac_cv_env_build_alias_value=
ac_cv_env_host_alias_set=
ac_cv_env_host_alias_value=
ac_cv_env_target_alias_set=
ac_cv_env_target_alias_value=
ac_cv_func_bind_textdomain_codeset=yes
ac_cv_func_dcgettext=yes
ac_cv_header_dlfcn_h=yes
ac_cv_header_inttypes_h=yes
ac_cv_header_libintl_h=yes
ac_cv_header_locale_h=yes
ac_cv_header_memory_h=yes
ac_cv_header_stdc=yes
ac_cv_header_stdint_h=yes
ac_cv_header_stdlib_h=yes
ac_cv_header_string_h=yes
ac_cv_header_strings_h=yes
ac_cv_header_sys_stat_h=yes
ac_cv_header_sys_types_h=yes
ac_cv_header_unistd_h=yes
ac_cv_host=i686-pc-linux-gnu
ac_cv_objext=o
ac_cv_path_EGREP='/bin/grep -E'
ac_cv_path_FGREP='/bin/grep -F'
ac_cv_path_GMSGFMT=/usr/bin/msgfmt
ac_cv_path_GREP=/bin/grep
ac_cv_path_INTLTOOL_EXTRACT=/usr/bin/intltool-extract
ac_cv_path_INTLTOOL_MERGE=/usr/bin/intltool-merge
ac_cv_path_INTLTOOL_PERL=/usr/bin/perl
ac_cv_path_INTLTOOL_UPDATE=/usr/bin/intltool-update
ac_cv_path_MSGFMT=/usr/bin/msgfmt
ac_cv_path_MSGMERGE=/usr/bin/msgmerge
ac_cv_path_SED=/bin/sed
ac_cv_path_XGETTEXT=/usr/bin/xgettext
ac_cv_path_install='/usr/bin/install -c'
ac_cv_path_mkdir=/bin/mkdir
ac_cv_prog_AWK=gawk
ac_cv_prog_CPP='gcc -E'
ac_cv_prog_CXXCPP='g++ -E'
ac_cv_prog_ac_ct_AR=ar
ac_cv_prog_ac_ct_CC=gcc
ac_cv_prog_ac_ct_CXX=g++
ac_cv_prog_ac_ct_OBJDUMP=objdump
ac_cv_prog_ac_ct_RANLIB=ranlib
ac_cv_prog_ac_ct_STRIP=strip
ac_cv_prog_cc_c89=
ac_cv_prog_cc_g=yes
ac_cv_prog_cxx_g=yes
ac_cv_prog_make_make_set=yes
ac_cv_search_strerror='none required'
am_cv_CC_dependencies_compiler_type=gcc3
am_cv_CXX_dependencies_compiler_type=gcc3
am_cv_prog_cc_stdc=
am_cv_val_LC_MESSAGES=yes
gt_cv_func_dgettext_libc=yes
gt_cv_func_dgettext_libintl=no
gt_cv_func_ngettext_libc=yes
gt_cv_have_gettext=yes
lt_cv_deplibs_check_method=pass_all
lt_cv_file_magic_cmd='$MAGIC_CMD'
lt_cv_file_magic_test_file=
lt_cv_ld_reload_flag=-r
lt_cv_nm_interface='BSD nm'
lt_cv_objdir=.libs
lt_cv_path_LD=/usr/bin/ld
lt_cv_path_LDCXX=/usr/bin/ld
lt_cv_path_NM='/usr/bin/nm -B'
lt_cv_prog_compiler_c_o=yes
lt_cv_prog_compiler_c_o_CXX=yes
lt_cv_prog_compiler_pic_works=yes
lt_cv_prog_compiler_pic_works_CXX=yes
lt_cv_prog_compiler_rtti_exceptions=no
lt_cv_prog_compiler_static_works=yes
lt_cv_prog_compiler_static_works_CXX=yes
lt_cv_prog_gnu_ld=yes
lt_cv_prog_gnu_ldcxx=yes
lt_cv_sys_global_symbol_pipe='sed -n -e '\''s/^.*[	 ]\([ABCDGIRSTW][ABCDGIRSTW]*\)[	 ][	 ]*\([_A-Za-z][_A-Za-z0-9]*\)$/\1 \2 \2/p'\'''
lt_cv_sys_global_symbol_to_c_name_address='sed -n -e '\''s/^: \([^ ]*\) $/  {\"\1\", (void *) 0},/p'\'' -e '\''s/^[ABCDGIRSTW]* \([^ ]*\) \([^ ]*\)$/  {"\2", (void *) \&\2},/p'\'''
lt_cv_sys_global_symbol_to_c_name_address_lib_prefix='sed -n -e '\''s/^: \([^ ]*\) $/  {\"\1\", (void *) 0},/p'\'' -e '\''s/^[ABCDGIRSTW]* \([^ ]*\) \(lib[^ ]*\)$/  {"\2", (void *) \&\2},/p'\'' -e '\''s/^[ABCDGIRSTW]* \([^ ]*\) \([^ ]*\)$/  {"lib\2", (void *) \&\2},/p'\'''
lt_cv_sys_global_symbol_to_cdecl='sed -n -e '\''s/^T .* \(.*\)$/extern int \1();/p'\'' -e '\''s/^[ABCDGIRSTW]* .* \(.*\)$/extern char \1;/p'\'''
lt_cv_sys_max_cmd_len=1572864

## ----------------- ##
## Output variables. ##
## ----------------- ##

ACLOCAL='${SHELL} /home/harry/Desktop/gm_oosocks_i486/missing --run aclocal-1.11'
ALL_LINGUAS=''
AMDEPBACKSLASH='\'
AMDEP_FALSE='#'
AMDEP_TRUE=''
AMTAR='${SHELL} /home/harry/Desktop/gm_oosocks_i486/missing --run tar'
AM_BACKSLASH='\'
AM_DEFAULT_VERBOSITY='0'
AR='ar'
AUTOCONF='${SHELL} /home/harry/Desktop/gm_oosocks_i486/missing --run autoconf'
AUTOHEADER='${SHELL} /home/harry/Desktop/gm_oosocks_i486/missing --run autoheader'
AUTOMAKE='${SHELL} /home/harry/Desktop/gm_oosocks_i486/missing --run automake-1.11'
AWK='gawk'
CATALOGS=''
CATOBJEXT='.gmo'
CC='gcc'
CCDEPMODE='depmode=gcc3'
CFLAGS='-g -O2'
CPP='gcc -E'
CPPFLAGS=''
CXX='g++'
CXXCPP='g++ -E'
CXXDEPMODE='depmode=gcc3'
CXXFLAGS='-g -O2'
CYGPATH_W='echo'
DATADIRNAME='share'
DEFS='-DHAVE_CONFIG_H'
DEPDIR='.deps'
DSYMUTIL=''
DUMPBIN=''
ECHO_C=''
ECHO_N='-n'
ECHO_T=''
EGREP='/bin/grep -E'
EXEEXT=''
FGREP='/bin/grep -F'
GETTEXT_PACKAGE='gm_oosocks_i486'
GMOFILES=''
GMSGFMT='/usr/bin/msgfmt'
GREP='/bin/grep'
INSTALL_DATA='${INSTALL} -m 644'
INSTALL_PROGRAM='${INSTALL}'
INSTALL_SCRIPT='${INSTALL}'
INSTALL_STRIP_PROGRAM='$(install_sh) -c -s'
INSTOBJEXT='.mo'
INTLLIBS=''
INTLTOOL_CAVES_RULE='%.caves:     %.caves.in     $(INTLTOOL_MERGE) $(wildcard $(top_srcdir)/po/*.po) ; LC_ALL=C $(INTLTOOL_MERGE) -d -u -c $(top_builddir)/po/.intltool-merge-cache $(top_srcdir)/po $< $@'
INTLTOOL_DESKTOP_RULE='%.desktop:   %.desktop.in   $(INTLTOOL_MERGE) $(wildcard $(top_srcdir)/po/*.po) ; LC_ALL=C $(INTLTOOL_MERGE) -d -u -c $(top_builddir)/po/.intltool-merge-cache $(top_srcdir)/po $< $@'
INTLTOOL_DIRECTORY_RULE='%.directory: %.directory.in $(INTLTOOL_MERGE) $(wildcard $(top_srcdir)/po/*.po) ; LC_ALL=C $(INTLTOOL_MERGE) -d -u -c $(top_builddir)/po/.intltool-merge-cache $(top_srcdir)/po $< $@'
INTLTOOL_EXTRACT='/usr/bin/intltool-extract'
INTLTOOL_KBD_RULE='%.kbd:       %.kbd.in       $(INTLTOOL_MERGE) $(wildcard $(top_srcdir)/po/*.po) ; LC_ALL=C $(INTLTOOL_MERGE) -x -u -m -c $(top_builddir)/po/.intltool-merge-cache $(top_srcdir)/po $< $@'
INTLTOOL_KEYS_RULE='%.keys:      %.keys.in      $(INTLTOOL_MERGE) $(wildcard $(top_srcdir)/po/*.po) ; LC_ALL=C $(INTLTOOL_MERGE) -k -u -c $(top_builddir)/po/.intltool-merge-cache $(top_srcdir)/po $< $@'
INTLTOOL_MERGE='/usr/bin/intltool-merge'
INTLTOOL_OAF_RULE='%.oaf:       %.oaf.in       $(INTLTOOL_MERGE) $(wildcard $(top_srcdir)/po/*.po) ; LC_ALL=C $(INTLTOOL_MERGE) -o -p $(top_srcdir)/po $< $@'
INTLTOOL_PERL='/usr/bin/perl'
INTLTOOL_POLICY_RULE='%.policy:    %.policy.in    $(INTLTOOL_MERGE) $(wildcard $(top_srcdir)/po/*.po) ; LC_ALL=C $(INTLTOOL_MERGE) -x -u -c $(top_builddir)/po/.intltool-merge-cache $(top_srcdir)/po $< $@'
INTLTOOL_PONG_RULE='%.pong:      %.pong.in      $(INTLTOOL_MERGE) $(wildcard $(top_srcdir)/po/*.po) ; LC_ALL=C $(INTLTOOL_MERGE) -x -u -c $(top_builddir)/po/.intltool-merge-cache $(top_srcdir)/po $< $@'
INTLTOOL_PROP_RULE='%.prop:      %.prop.in      $(INTLTOOL_MERGE) $(wildcard $(top_srcdir)/po/*.po) ; LC_ALL=C $(INTLTOOL_MERGE) -d -u -c $(top_builddir)/po/.intltool-merge-cache $(top_srcdir)/po $< $@'
INTLTOOL_SCHEMAS_RULE='%.schemas:   %.schemas.in   $(INTLTOOL_MERGE) $(wildcard $(top_srcdir)/po/*.po) ; LC_ALL=C $(INTLTOOL_MERGE) -s -u -c $(top_builddir)/po/.intltool-merge-cache $(top_srcdir)/po $< $@'
INTLTOOL_SERVER_RULE='%.server:    %.server.in    $(INTLTOOL_MERGE) $(wildcard $(top_srcdir)/po/*.po) ; LC_ALL=C $(INTLTOOL_MERGE) -o -u -c $(top_builddir)/po/.intltool-merge-cache $(top_srcdir)/po $< $@'
INTLTOOL_SERVICE_RULE='%.service: %.service.in   $(INTLTOOL_MERGE) $(wildcard $(top_srcdir)/po/*.po) ; LC_ALL=C $(INTLTOOL_MERGE) -d -u -c $(top_builddir)/po/.intltool-merge-cache $(top_srcdir)/po $< $@'
INTLTOOL_SHEET_RULE='%.sheet:     %.sheet.in     $(INTLTOOL_MERGE) $(wildcard $(top_srcdir)/po/*.po) ; LC_ALL=C $(INTLTOOL_MERGE) -x -u -c $(top_builddir)/po/.intltool-merge-cache $(top_srcdir)/po $< $@'
INTLTOOL_SOUNDLIST_RULE='%.soundlist: %.soundlist.in $(INTLTOOL_MERGE) $(wildcard $(top_srcdir)/po/*.po) ; LC_ALL=C $(INTLTOOL_MERGE) -d -u -c $(top_builddir)/po/.intltool-merge-cache $(top_srcdir)/po $< $@'
INTLTOOL_THEME_RULE='%.theme:     %.theme.in     $(INTLTOOL_MERGE) $(wildcard $(top_srcdir)/po/*.po) ; LC_ALL=C $(INTLTOOL_MERGE) -d -u -c $(top_builddir)/po/.intltool-merge-cache $(top_srcdir)/po $< $@'
INTLTOOL_UI_RULE='%.ui:        %.ui.in        $(INTLTOOL_MERGE) $(wildcard $(top_srcdir)/po/*.po) ; LC_ALL=C $(INTLTOOL_MERGE) -x -u -c $(top_builddir)/po/.intltool-merge-cache $(top_srcdir)/po $< $@'
INTLTOOL_UPDATE='/usr/bin/intltool-update'
INTLTOOL_XAM_RULE='%.xam:       %.xml.in       $(INTLTOOL_MERGE) $(wildcard $(top_srcdir)/po/*.po) ; LC_ALL=C $(INTLTOOL_MERGE) -x -u -c $(top_builddir)/po/.intltool-merge-cache $(top_srcdir)/po $< $@'
INTLTOOL_XML_NOMERGE_RULE='%.xml:       %.xml.in       $(INTLTOOL_MERGE) ; LC_ALL=C $(INTLTOOL_MERGE) -x -u /tmp $< $@'
INTLTOOL_XML_RULE='%.xml:       %.xml.in       $(INTLTOOL_MERGE) $(wildcard $(top_srcdir)/po/*.po) ; LC_ALL=C $(INTLTOOL_MERGE) -x -u -c $(top_builddir)/po/.intltool-merge-cache $(top_srcdir)/po $< $@'
LD='/usr/bin/ld'
LDFLAGS=''
LIBOBJS=''
LIBS=''
LIBTOOL='$(SHELL) $(top_builddir)/libtool'
LIPO=''
LN_S='ln -s'
LTLIBOBJS=''
MAINT=''
MAINTAINER_MODE_FALSE='#'
MAINTAINER_MODE_TRUE=''
MAKEINFO='${SHELL} /home/harry/Desktop/gm_oosocks_i486/missing --run makeinfo'
MKDIR_P='/bin/mkdir -p'
MKINSTALLDIRS='./mkinstalldirs'
MSGFMT='/usr/bin/msgfmt'
MSGFMT_OPTS='-c'
MSGMERGE='/usr/bin/msgmerge'
NM='/usr/bin/nm -B'
NMEDIT=''
OBJDUMP='objdump'
OBJEXT='o'
OTOOL64=''
OTOOL=''
PACKAGE='gm_oosocks_i486'
PACKAGE_BUGREPORT=''
PACKAGE_NAME='gm_oosocks_i486'
PACKAGE_STRING='gm_oosocks_i486 0.1'
PACKAGE_TARNAME='gm_oosocks_i486'
PACKAGE_URL=''
PACKAGE_VERSION='0.1'
PATH_SEPARATOR=':'
POFILES=''
POSUB='po'
PO_IN_DATADIR_FALSE=''
PO_IN_DATADIR_TRUE=''
RANLIB='ranlib'
SED='/bin/sed'
SET_MAKE=''
SHELL='/bin/bash'
STRIP='strip'
USE_NLS='yes'
VERSION='0.1'
XGETTEXT='/usr/bin/xgettext'
ac_ct_CC='gcc'
ac_ct_CXX='g++'
ac_ct_DUMPBIN=''
am__EXEEXT_FALSE=''
am__EXEEXT_TRUE='#'
am__fastdepCC_FALSE='#'
am__fastdepCC_TRUE=''
am__fastdepCXX_FALSE='#'
am__fastdepCXX_TRUE=''
am__include='include'
am__isrc=''
am__leading_dot='.'
am__quote=''
am__tar='${AMTAR} chof - "$$tardir"'
am__untar='${AMTAR} xf -'
bindir='${exec_prefix}/bin'
build='i686-pc-linux-gnu'
build_alias=''
build_cpu='i686'
build_os='linux-gnu'
build_vendor='pc'
datadir='${datarootdir}'
datarootdir='${prefix}/share'
docdir='${datarootdir}/doc/${PACKAGE_TARNAME}'
dvidir='${docdir}'
exec_prefix='${prefix}'
host='i686-pc-linux-gnu'
host_alias=''
host_cpu='i686'
host_os='linux-gnu'
host_vendor='pc'
htmldir='${docdir}'
includedir='${prefix}/include'
infodir='${datarootdir}/info'
install_sh='${SHELL} /home/harry/Desktop/gm_oosocks_i486/install-sh'
libdir='${exec_prefix}/lib'
libexecdir='${exec_prefix}/libexec'
localedir='${datarootdir}/locale'
localstatedir='${prefix}/var'
lt_ECHO='echo'
mandir='${datarootdir}/man'
mkdir_p='/bin/mkdir -p'
oldincludedir='/usr/include'
pdfdir='${docdir}'
prefix='/usr/local'
program_transform_name='s,x,x,'
psdir='${docdir}'
sbindir='${exec_prefix}/sbin'
sharedstatedir='${prefix}/com'
sysconfdir='${prefix}/etc'
target_alias=''

## ----------- ##
## confdefs.h. ##
## ----------- ##

/* confdefs.h */
#define PACKAGE_NAME "gm_oosocks_i486"
#define PACKAGE_TARNAME "gm_oosocks_i486"
#define PACKAGE_VERSION "0.1"
#define PACKAGE_STRING "gm_oosocks_i486 0.1"
#define PACKAGE_BUGREPORT ""
#define PACKAGE_URL ""
#define PACKAGE "gm_oosocks_i486"
#define VERSION "0.1"
#define STDC_HEADERS 1
#define GETTEXT_PACKAGE "gm_oosocks_i486"
#define HAVE_SYS_TYPES_H 1
#define HAVE_SYS_STAT_H 1
#define HAVE_STDLIB_H 1
#define HAVE_STRING_H 1
#define HAVE_MEMORY_H 1
#define HAVE_STRINGS_H 1
#define HAVE_INTTYPES_H 1
#define HAVE_STDINT_H 1
#define HAVE_UNISTD_H 1
#define HAVE_LOCALE_H 1
#define HAVE_LC_MESSAGES 1
#define HAVE_BIND_TEXTDOMAIN_CODESET 1
#define HAVE_GETTEXT 1
#define HAVE_DCGETTEXT 1
#define ENABLE_NLS 1
#define HAVE_DLFCN_H 1
#define LT_OBJDIR ".libs/"

configure: exit 0
